2020-08-22 23:08:20.124  INFO 7636 --- [restartedMain] com.wjw.blog.BlogApplication             : Starting BlogApplication on LAPTOP-389VIUI1 with PID 7636 (E:\java workspace\blog\target\classes started by 王金伟 in E:\java workspace\blog)
2020-08-22 23:08:20.129 DEBUG 7636 --- [restartedMain] com.wjw.blog.BlogApplication             : Running with Spring Boot v2.3.0.RELEASE, Spring v5.2.6.RELEASE
2020-08-22 23:08:20.130  INFO 7636 --- [restartedMain] com.wjw.blog.BlogApplication             : No active profile set, falling back to default profiles: default
2020-08-22 23:08:20.202  INFO 7636 --- [restartedMain] .e.DevToolsPropertyDefaultsPostProcessor : Devtools property defaults active! Set 'spring.devtools.add-properties' to 'false' to disable
2020-08-22 23:08:20.203  INFO 7636 --- [restartedMain] .e.DevToolsPropertyDefaultsPostProcessor : For additional web related logging consider setting the 'logging.level.web' property to 'DEBUG'
2020-08-22 23:08:22.198  INFO 7636 --- [restartedMain] o.s.b.w.embedded.tomcat.TomcatWebServer  : Tomcat initialized with port(s): 8080 (http)
2020-08-22 23:08:22.208  INFO 7636 --- [restartedMain] o.apache.catalina.core.StandardService   : Starting service [Tomcat]
2020-08-22 23:08:22.209  INFO 7636 --- [restartedMain] org.apache.catalina.core.StandardEngine  : Starting Servlet engine: [Apache Tomcat/9.0.35]
2020-08-22 23:08:22.320  INFO 7636 --- [restartedMain] o.a.c.c.C.[Tomcat].[localhost].[/]       : Initializing Spring embedded WebApplicationContext
2020-08-22 23:08:22.320  INFO 7636 --- [restartedMain] o.s.web.context.ContextLoader            : Root WebApplicationContext: initialization completed in 2116 ms
2020-08-22 23:08:23.289  INFO 7636 --- [restartedMain] o.s.s.concurrent.ThreadPoolTaskExecutor  : Initializing ExecutorService 'applicationTaskExecutor'
2020-08-22 23:08:23.489  INFO 7636 --- [restartedMain] o.s.b.a.w.s.WelcomePageHandlerMapping    : Adding welcome page template: index
2020-08-22 23:08:23.939  INFO 7636 --- [restartedMain] o.s.b.d.a.OptionalLiveReloadServer       : LiveReload server is running on port 35729
2020-08-22 23:08:23.979  INFO 7636 --- [restartedMain] o.s.b.w.embedded.tomcat.TomcatWebServer  : Tomcat started on port(s): 8080 (http) with context path ''
2020-08-22 23:08:23.994  INFO 7636 --- [restartedMain] com.wjw.blog.BlogApplication             : Started BlogApplication in 4.747 seconds (JVM running for 6.485)
2020-08-22 23:08:29.124  INFO 7636 --- [http-nio-8080-exec-1] o.a.c.c.C.[Tomcat].[localhost].[/]       : Initializing Spring DispatcherServlet 'dispatcherServlet'
2020-08-22 23:08:29.124  INFO 7636 --- [http-nio-8080-exec-1] o.s.web.servlet.DispatcherServlet        : Initializing Servlet 'dispatcherServlet'
2020-08-22 23:08:29.141  INFO 7636 --- [http-nio-8080-exec-1] o.s.web.servlet.DispatcherServlet        : Completed initialization in 17 ms
2020-08-22 23:08:29.181  INFO 7636 --- [http-nio-8080-exec-1] com.wjw.blog.aspect.LogAspect            : Request : url='http://localhost:8080/', ip='0:0:0:0:0:0:0:1', classMethod='com.wjw.blog.controller.IndexController.index', args=[{}, 1]}
2020-08-22 23:08:29.240  INFO 7636 --- [http-nio-8080-exec-1] com.zaxxer.hikari.HikariDataSource       : HikariPool-1 - Starting...
2020-08-22 23:08:34.328 ERROR 7636 --- [http-nio-8080-exec-1] com.zaxxer.hikari.pool.HikariPool        : HikariPool-1 - Exception during pool initialization.

com.mysql.cj.jdbc.exceptions.CommunicationsException: Communications link failure

The last packet sent successfully to the server was 0 milliseconds ago. The driver has not received any packets from the server.
	at com.mysql.cj.jdbc.exceptions.SQLError.createCommunicationsException(SQLError.java:174) ~[mysql-connector-java-8.0.20.jar:8.0.20]
	at com.mysql.cj.jdbc.exceptions.SQLExceptionsMapping.translateException(SQLExceptionsMapping.java:64) ~[mysql-connector-java-8.0.20.jar:8.0.20]
	at com.mysql.cj.jdbc.ConnectionImpl.createNewIO(ConnectionImpl.java:836) ~[mysql-connector-java-8.0.20.jar:8.0.20]
	at com.mysql.cj.jdbc.ConnectionImpl.<init>(ConnectionImpl.java:456) ~[mysql-connector-java-8.0.20.jar:8.0.20]
	at com.mysql.cj.jdbc.ConnectionImpl.getInstance(ConnectionImpl.java:246) ~[mysql-connector-java-8.0.20.jar:8.0.20]
	at com.mysql.cj.jdbc.NonRegisteringDriver.connect(NonRegisteringDriver.java:197) ~[mysql-connector-java-8.0.20.jar:8.0.20]
	at com.zaxxer.hikari.util.DriverDataSource.getConnection(DriverDataSource.java:138) ~[HikariCP-3.4.5.jar:na]
	at com.zaxxer.hikari.pool.PoolBase.newConnection(PoolBase.java:358) ~[HikariCP-3.4.5.jar:na]
	at com.zaxxer.hikari.pool.PoolBase.newPoolEntry(PoolBase.java:206) ~[HikariCP-3.4.5.jar:na]
	at com.zaxxer.hikari.pool.HikariPool.createPoolEntry(HikariPool.java:477) [HikariCP-3.4.5.jar:na]
	at com.zaxxer.hikari.pool.HikariPool.checkFailFast(HikariPool.java:560) [HikariCP-3.4.5.jar:na]
	at com.zaxxer.hikari.pool.HikariPool.<init>(HikariPool.java:115) [HikariCP-3.4.5.jar:na]
	at com.zaxxer.hikari.HikariDataSource.getConnection(HikariDataSource.java:112) [HikariCP-3.4.5.jar:na]
	at org.springframework.jdbc.datasource.DataSourceUtils.fetchConnection(DataSourceUtils.java:158) [spring-jdbc-5.2.6.RELEASE.jar:5.2.6.RELEASE]
	at org.springframework.jdbc.datasource.DataSourceUtils.doGetConnection(DataSourceUtils.java:116) [spring-jdbc-5.2.6.RELEASE.jar:5.2.6.RELEASE]
	at org.springframework.jdbc.datasource.DataSourceUtils.getConnection(DataSourceUtils.java:79) [spring-jdbc-5.2.6.RELEASE.jar:5.2.6.RELEASE]
	at org.mybatis.spring.transaction.SpringManagedTransaction.openConnection(SpringManagedTransaction.java:80) [mybatis-spring-2.0.4.jar:2.0.4]
	at org.mybatis.spring.transaction.SpringManagedTransaction.getConnection(SpringManagedTransaction.java:67) [mybatis-spring-2.0.4.jar:2.0.4]
	at org.apache.ibatis.executor.BaseExecutor.getConnection(BaseExecutor.java:336) [mybatis-3.5.4.jar:3.5.4]
	at org.apache.ibatis.executor.SimpleExecutor.prepareStatement(SimpleExecutor.java:86) [mybatis-3.5.4.jar:3.5.4]
	at org.apache.ibatis.executor.SimpleExecutor.doQuery(SimpleExecutor.java:62) [mybatis-3.5.4.jar:3.5.4]
	at org.apache.ibatis.executor.BaseExecutor.queryFromDatabase(BaseExecutor.java:324) [mybatis-3.5.4.jar:3.5.4]
	at org.apache.ibatis.executor.BaseExecutor.query(BaseExecutor.java:156) [mybatis-3.5.4.jar:3.5.4]
	at org.apache.ibatis.executor.CachingExecutor.query(CachingExecutor.java:109) [mybatis-3.5.4.jar:3.5.4]
	at com.github.pagehelper.PageInterceptor.executeAutoCount(PageInterceptor.java:201) [pagehelper-5.1.2.jar:na]
	at com.github.pagehelper.PageInterceptor.intercept(PageInterceptor.java:113) [pagehelper-5.1.2.jar:na]
	at org.apache.ibatis.plugin.Plugin.invoke(Plugin.java:61) [mybatis-3.5.4.jar:3.5.4]
	at com.sun.proxy.$Proxy98.query(Unknown Source) [na:na]
	at org.apache.ibatis.session.defaults.DefaultSqlSession.selectList(DefaultSqlSession.java:147) [mybatis-3.5.4.jar:3.5.4]
	at org.apache.ibatis.session.defaults.DefaultSqlSession.selectList(DefaultSqlSession.java:140) [mybatis-3.5.4.jar:3.5.4]
	at sun.reflect.NativeMethodAccessorImpl.invoke0(Native Method) ~[na:1.8.0_241]
	at sun.reflect.NativeMethodAccessorImpl.invoke(NativeMethodAccessorImpl.java:62) ~[na:1.8.0_241]
	at sun.reflect.DelegatingMethodAccessorImpl.invoke(DelegatingMethodAccessorImpl.java:43) ~[na:1.8.0_241]
	at java.lang.reflect.Method.invoke(Method.java:498) ~[na:1.8.0_241]
	at org.mybatis.spring.SqlSessionTemplate$SqlSessionInterceptor.invoke(SqlSessionTemplate.java:426) [mybatis-spring-2.0.4.jar:2.0.4]
	at com.sun.proxy.$Proxy70.selectList(Unknown Source) [na:na]
	at org.mybatis.spring.SqlSessionTemplate.selectList(SqlSessionTemplate.java:223) [mybatis-spring-2.0.4.jar:2.0.4]
	at org.apache.ibatis.binding.MapperMethod.executeForMany(MapperMethod.java:147) [mybatis-3.5.4.jar:3.5.4]
	at org.apache.ibatis.binding.MapperMethod.execute(MapperMethod.java:80) [mybatis-3.5.4.jar:3.5.4]
	at org.apache.ibatis.binding.MapperProxy$PlainMethodInvoker.invoke(MapperProxy.java:144) [mybatis-3.5.4.jar:3.5.4]
	at org.apache.ibatis.binding.MapperProxy.invoke(MapperProxy.java:85) [mybatis-3.5.4.jar:3.5.4]
	at com.sun.proxy.$Proxy71.getAllBlogShow(Unknown Source) [na:na]
	at sun.reflect.NativeMethodAccessorImpl.invoke0(Native Method) ~[na:1.8.0_241]
	at sun.reflect.NativeMethodAccessorImpl.invoke(NativeMethodAccessorImpl.java:62) ~[na:1.8.0_241]
	at sun.reflect.DelegatingMethodAccessorImpl.invoke(DelegatingMethodAccessorImpl.java:43) ~[na:1.8.0_241]
	at java.lang.reflect.Method.invoke(Method.java:498) ~[na:1.8.0_241]
	at org.springframework.aop.support.AopUtils.invokeJoinpointUsingReflection(AopUtils.java:344) [spring-aop-5.2.6.RELEASE.jar:5.2.6.RELEASE]
	at org.springframework.aop.framework.ReflectiveMethodInvocation.invokeJoinpoint(ReflectiveMethodInvocation.java:198) [spring-aop-5.2.6.RELEASE.jar:5.2.6.RELEASE]
	at org.springframework.aop.framework.ReflectiveMethodInvocation.proceed(ReflectiveMethodInvocation.java:163) [spring-aop-5.2.6.RELEASE.jar:5.2.6.RELEASE]
	at org.springframework.dao.support.PersistenceExceptionTranslationInterceptor.invoke(PersistenceExceptionTranslationInterceptor.java:139) [spring-tx-5.2.6.RELEASE.jar:5.2.6.RELEASE]
	at org.springframework.aop.framework.ReflectiveMethodInvocation.proceed(ReflectiveMethodInvocation.java:186) [spring-aop-5.2.6.RELEASE.jar:5.2.6.RELEASE]
	at org.springframework.aop.framework.JdkDynamicAopProxy.invoke(JdkDynamicAopProxy.java:212) [spring-aop-5.2.6.RELEASE.jar:5.2.6.RELEASE]
	at com.sun.proxy.$Proxy72.getAllBlogShow(Unknown Source) [na:na]
	at com.wjw.blog.service.impl.BlogServiceImpl.getAllBlogShow(BlogServiceImpl.java:84) [classes/:na]
	at com.wjw.blog.service.impl.BlogServiceImpl$$FastClassBySpringCGLIB$$a8041bd3.invoke(<generated>) [classes/:na]
	at org.springframework.cglib.proxy.MethodProxy.invoke(MethodProxy.java:218) [spring-core-5.2.6.RELEASE.jar:5.2.6.RELEASE]
	at org.springframework.aop.framework.CglibAopProxy$DynamicAdvisedInterceptor.intercept(CglibAopProxy.java:687) [spring-aop-5.2.6.RELEASE.jar:5.2.6.RELEASE]
	at com.wjw.blog.service.impl.BlogServiceImpl$$EnhancerBySpringCGLIB$$f7acf99c.getAllBlogShow(<generated>) [classes/:na]
	at com.wjw.blog.controller.IndexController.index(IndexController.java:34) [classes/:na]
	at com.wjw.blog.controller.IndexController$$FastClassBySpringCGLIB$$bddb5591.invoke(<generated>) [classes/:na]
	at org.springframework.cglib.proxy.MethodProxy.invoke(MethodProxy.java:218) [spring-core-5.2.6.RELEASE.jar:5.2.6.RELEASE]
	at org.springframework.aop.framework.CglibAopProxy$CglibMethodInvocation.invokeJoinpoint(CglibAopProxy.java:771) [spring-aop-5.2.6.RELEASE.jar:5.2.6.RELEASE]
	at org.springframework.aop.framework.ReflectiveMethodInvocation.proceed(ReflectiveMethodInvocation.java:163) [spring-aop-5.2.6.RELEASE.jar:5.2.6.RELEASE]
	at org.springframework.aop.framework.CglibAopProxy$CglibMethodInvocation.proceed(CglibAopProxy.java:749) [spring-aop-5.2.6.RELEASE.jar:5.2.6.RELEASE]
	at org.springframework.aop.framework.adapter.MethodBeforeAdviceInterceptor.invoke(MethodBeforeAdviceInterceptor.java:56) [spring-aop-5.2.6.RELEASE.jar:5.2.6.RELEASE]
	at org.springframework.aop.framework.ReflectiveMethodInvocation.proceed(ReflectiveMethodInvocation.java:186) [spring-aop-5.2.6.RELEASE.jar:5.2.6.RELEASE]
	at org.springframework.aop.framework.CglibAopProxy$CglibMethodInvocation.proceed(CglibAopProxy.java:749) [spring-aop-5.2.6.RELEASE.jar:5.2.6.RELEASE]
	at org.springframework.aop.aspectj.AspectJAfterAdvice.invoke(AspectJAfterAdvice.java:47) [spring-aop-5.2.6.RELEASE.jar:5.2.6.RELEASE]
	at org.springframework.aop.framework.ReflectiveMethodInvocation.proceed(ReflectiveMethodInvocation.java:186) [spring-aop-5.2.6.RELEASE.jar:5.2.6.RELEASE]
	at org.springframework.aop.framework.CglibAopProxy$CglibMethodInvocation.proceed(CglibAopProxy.java:749) [spring-aop-5.2.6.RELEASE.jar:5.2.6.RELEASE]
	at org.springframework.aop.framework.adapter.AfterReturningAdviceInterceptor.invoke(AfterReturningAdviceInterceptor.java:55) [spring-aop-5.2.6.RELEASE.jar:5.2.6.RELEASE]
	at org.springframework.aop.framework.ReflectiveMethodInvocation.proceed(ReflectiveMethodInvocation.java:186) [spring-aop-5.2.6.RELEASE.jar:5.2.6.RELEASE]
	at org.springframework.aop.framework.CglibAopProxy$CglibMethodInvocation.proceed(CglibAopProxy.java:749) [spring-aop-5.2.6.RELEASE.jar:5.2.6.RELEASE]
	at org.springframework.aop.interceptor.ExposeInvocationInterceptor.invoke(ExposeInvocationInterceptor.java:95) [spring-aop-5.2.6.RELEASE.jar:5.2.6.RELEASE]
	at org.springframework.aop.framework.ReflectiveMethodInvocation.proceed(ReflectiveMethodInvocation.java:186) [spring-aop-5.2.6.RELEASE.jar:5.2.6.RELEASE]
	at org.springframework.aop.framework.CglibAopProxy$CglibMethodInvocation.proceed(CglibAopProxy.java:749) [spring-aop-5.2.6.RELEASE.jar:5.2.6.RELEASE]
	at org.springframework.aop.framework.CglibAopProxy$DynamicAdvisedInterceptor.intercept(CglibAopProxy.java:691) [spring-aop-5.2.6.RELEASE.jar:5.2.6.RELEASE]
	at com.wjw.blog.controller.IndexController$$EnhancerBySpringCGLIB$$8c6d3fcd.index(<generated>) [classes/:na]
	at sun.reflect.NativeMethodAccessorImpl.invoke0(Native Method) ~[na:1.8.0_241]
	at sun.reflect.NativeMethodAccessorImpl.invoke(NativeMethodAccessorImpl.java:62) ~[na:1.8.0_241]
	at sun.reflect.DelegatingMethodAccessorImpl.invoke(DelegatingMethodAccessorImpl.java:43) ~[na:1.8.0_241]
	at java.lang.reflect.Method.invoke(Method.java:498) ~[na:1.8.0_241]
	at org.springframework.web.method.support.InvocableHandlerMethod.doInvoke(InvocableHandlerMethod.java:190) [spring-web-5.2.6.RELEASE.jar:5.2.6.RELEASE]
	at org.springframework.web.method.support.InvocableHandlerMethod.invokeForRequest(InvocableHandlerMethod.java:138) [spring-web-5.2.6.RELEASE.jar:5.2.6.RELEASE]
	at org.springframework.web.servlet.mvc.method.annotation.ServletInvocableHandlerMethod.invokeAndHandle(ServletInvocableHandlerMethod.java:105) [spring-webmvc-5.2.6.RELEASE.jar:5.2.6.RELEASE]
	at org.springframework.web.servlet.mvc.method.annotation.RequestMappingHandlerAdapter.invokeHandlerMethod(RequestMappingHandlerAdapter.java:879) [spring-webmvc-5.2.6.RELEASE.jar:5.2.6.RELEASE]
	at org.springframework.web.servlet.mvc.method.annotation.RequestMappingHandlerAdapter.handleInternal(RequestMappingHandlerAdapter.java:793) [spring-webmvc-5.2.6.RELEASE.jar:5.2.6.RELEASE]
	at org.springframework.web.servlet.mvc.method.AbstractHandlerMethodAdapter.handle(AbstractHandlerMethodAdapter.java:87) [spring-webmvc-5.2.6.RELEASE.jar:5.2.6.RELEASE]
	at org.springframework.web.servlet.DispatcherServlet.doDispatch(DispatcherServlet.java:1040) [spring-webmvc-5.2.6.RELEASE.jar:5.2.6.RELEASE]
	at org.springframework.web.servlet.DispatcherServlet.doService(DispatcherServlet.java:943) [spring-webmvc-5.2.6.RELEASE.jar:5.2.6.RELEASE]
	at org.springframework.web.servlet.FrameworkServlet.processRequest(FrameworkServlet.java:1006) [spring-webmvc-5.2.6.RELEASE.jar:5.2.6.RELEASE]
	at org.springframework.web.servlet.FrameworkServlet.doGet(FrameworkServlet.java:898) [spring-webmvc-5.2.6.RELEASE.jar:5.2.6.RELEASE]
	at javax.servlet.http.HttpServlet.service(HttpServlet.java:634) [tomcat-embed-core-9.0.35.jar:9.0.35]
	at org.springframework.web.servlet.FrameworkServlet.service(FrameworkServlet.java:883) [spring-webmvc-5.2.6.RELEASE.jar:5.2.6.RELEASE]
	at javax.servlet.http.HttpServlet.service(HttpServlet.java:741) [tomcat-embed-core-9.0.35.jar:9.0.35]
	at org.apache.catalina.core.ApplicationFilterChain.internalDoFilter(ApplicationFilterChain.java:231) [tomcat-embed-core-9.0.35.jar:9.0.35]
	at org.apache.catalina.core.ApplicationFilterChain.doFilter(ApplicationFilterChain.java:166) [tomcat-embed-core-9.0.35.jar:9.0.35]
	at org.apache.tomcat.websocket.server.WsFilter.doFilter(WsFilter.java:53) [tomcat-embed-websocket-9.0.35.jar:9.0.35]
	at org.apache.catalina.core.ApplicationFilterChain.internalDoFilter(ApplicationFilterChain.java:193) [tomcat-embed-core-9.0.35.jar:9.0.35]
	at org.apache.catalina.core.ApplicationFilterChain.doFilter(ApplicationFilterChain.java:166) [tomcat-embed-core-9.0.35.jar:9.0.35]
	at org.springframework.web.filter.RequestContextFilter.doFilterInternal(RequestContextFilter.java:100) [spring-web-5.2.6.RELEASE.jar:5.2.6.RELEASE]
	at org.springframework.web.filter.OncePerRequestFilter.doFilter(OncePerRequestFilter.java:119) [spring-web-5.2.6.RELEASE.jar:5.2.6.RELEASE]
	at org.apache.catalina.core.ApplicationFilterChain.internalDoFilter(ApplicationFilterChain.java:193) [tomcat-embed-core-9.0.35.jar:9.0.35]
	at org.apache.catalina.core.ApplicationFilterChain.doFilter(ApplicationFilterChain.java:166) [tomcat-embed-core-9.0.35.jar:9.0.35]
	at org.springframework.web.filter.FormContentFilter.doFilterInternal(FormContentFilter.java:93) [spring-web-5.2.6.RELEASE.jar:5.2.6.RELEASE]
	at org.springframework.web.filter.OncePerRequestFilter.doFilter(OncePerRequestFilter.java:119) [spring-web-5.2.6.RELEASE.jar:5.2.6.RELEASE]
	at org.apache.catalina.core.ApplicationFilterChain.internalDoFilter(ApplicationFilterChain.java:193) [tomcat-embed-core-9.0.35.jar:9.0.35]
	at org.apache.catalina.core.ApplicationFilterChain.doFilter(ApplicationFilterChain.java:166) [tomcat-embed-core-9.0.35.jar:9.0.35]
	at org.springframework.web.filter.CharacterEncodingFilter.doFilterInternal(CharacterEncodingFilter.java:201) [spring-web-5.2.6.RELEASE.jar:5.2.6.RELEASE]
	at org.springframework.web.filter.OncePerRequestFilter.doFilter(OncePerRequestFilter.java:119) [spring-web-5.2.6.RELEASE.jar:5.2.6.RELEASE]
	at org.apache.catalina.core.ApplicationFilterChain.internalDoFilter(ApplicationFilterChain.java:193) [tomcat-embed-core-9.0.35.jar:9.0.35]
	at org.apache.catalina.core.ApplicationFilterChain.doFilter(ApplicationFilterChain.java:166) [tomcat-embed-core-9.0.35.jar:9.0.35]
	at org.apache.catalina.core.StandardWrapperValve.invoke(StandardWrapperValve.java:202) [tomcat-embed-core-9.0.35.jar:9.0.35]
	at org.apache.catalina.core.StandardContextValve.invoke(StandardContextValve.java:96) [tomcat-embed-core-9.0.35.jar:9.0.35]
	at org.apache.catalina.authenticator.AuthenticatorBase.invoke(AuthenticatorBase.java:541) [tomcat-embed-core-9.0.35.jar:9.0.35]
	at org.apache.catalina.core.StandardHostValve.invoke(StandardHostValve.java:139) [tomcat-embed-core-9.0.35.jar:9.0.35]
	at org.apache.catalina.valves.ErrorReportValve.invoke(ErrorReportValve.java:92) [tomcat-embed-core-9.0.35.jar:9.0.35]
	at org.apache.catalina.core.StandardEngineValve.invoke(StandardEngineValve.java:74) [tomcat-embed-core-9.0.35.jar:9.0.35]
	at org.apache.catalina.connector.CoyoteAdapter.service(CoyoteAdapter.java:343) [tomcat-embed-core-9.0.35.jar:9.0.35]
	at org.apache.coyote.http11.Http11Processor.service(Http11Processor.java:373) [tomcat-embed-core-9.0.35.jar:9.0.35]
	at org.apache.coyote.AbstractProcessorLight.process(AbstractProcessorLight.java:65) [tomcat-embed-core-9.0.35.jar:9.0.35]
	at org.apache.coyote.AbstractProtocol$ConnectionHandler.process(AbstractProtocol.java:868) [tomcat-embed-core-9.0.35.jar:9.0.35]
	at org.apache.tomcat.util.net.NioEndpoint$SocketProcessor.doRun(NioEndpoint.java:1590) [tomcat-embed-core-9.0.35.jar:9.0.35]
	at org.apache.tomcat.util.net.SocketProcessorBase.run(SocketProcessorBase.java:49) [tomcat-embed-core-9.0.35.jar:9.0.35]
	at java.util.concurrent.ThreadPoolExecutor.runWorker(ThreadPoolExecutor.java:1149) [na:1.8.0_241]
	at java.util.concurrent.ThreadPoolExecutor$Worker.run(ThreadPoolExecutor.java:624) [na:1.8.0_241]
	at org.apache.tomcat.util.threads.TaskThread$WrappingRunnable.run(TaskThread.java:61) [tomcat-embed-core-9.0.35.jar:9.0.35]
	at java.lang.Thread.run(Thread.java:748) [na:1.8.0_241]
Caused by: com.mysql.cj.exceptions.CJCommunicationsException: Communications link failure

The last packet sent successfully to the server was 0 milliseconds ago. The driver has not received any packets from the server.
	at sun.reflect.NativeConstructorAccessorImpl.newInstance0(Native Method) ~[na:1.8.0_241]
	at sun.reflect.NativeConstructorAccessorImpl.newInstance(NativeConstructorAccessorImpl.java:62) ~[na:1.8.0_241]
	at sun.reflect.DelegatingConstructorAccessorImpl.newInstance(DelegatingConstructorAccessorImpl.java:45) ~[na:1.8.0_241]
	at java.lang.reflect.Constructor.newInstance(Constructor.java:423) ~[na:1.8.0_241]
	at com.mysql.cj.exceptions.ExceptionFactory.createException(ExceptionFactory.java:61) ~[mysql-connector-java-8.0.20.jar:8.0.20]
	at com.mysql.cj.exceptions.ExceptionFactory.createException(ExceptionFactory.java:105) ~[mysql-connector-java-8.0.20.jar:8.0.20]
	at com.mysql.cj.exceptions.ExceptionFactory.createException(ExceptionFactory.java:151) ~[mysql-connector-java-8.0.20.jar:8.0.20]
	at com.mysql.cj.exceptions.ExceptionFactory.createCommunicationsException(ExceptionFactory.java:167) ~[mysql-connector-java-8.0.20.jar:8.0.20]
	at com.mysql.cj.protocol.a.NativeSocketConnection.connect(NativeSocketConnection.java:91) ~[mysql-connector-java-8.0.20.jar:8.0.20]
	at com.mysql.cj.NativeSession.connect(NativeSession.java:144) ~[mysql-connector-java-8.0.20.jar:8.0.20]
	at com.mysql.cj.jdbc.ConnectionImpl.connectOneTryOnly(ConnectionImpl.java:956) ~[mysql-connector-java-8.0.20.jar:8.0.20]
	at com.mysql.cj.jdbc.ConnectionImpl.createNewIO(ConnectionImpl.java:826) ~[mysql-connector-java-8.0.20.jar:8.0.20]
	... 125 common frames omitted
Caused by: java.net.ConnectException: Connection refused: connect
	at java.net.DualStackPlainSocketImpl.waitForConnect(Native Method) ~[na:1.8.0_241]
	at java.net.DualStackPlainSocketImpl.socketConnect(DualStackPlainSocketImpl.java:85) ~[na:1.8.0_241]
	at java.net.AbstractPlainSocketImpl.doConnect(AbstractPlainSocketImpl.java:350) ~[na:1.8.0_241]
	at java.net.AbstractPlainSocketImpl.connectToAddress(AbstractPlainSocketImpl.java:206) ~[na:1.8.0_241]
	at java.net.AbstractPlainSocketImpl.connect(AbstractPlainSocketImpl.java:188) ~[na:1.8.0_241]
	at java.net.PlainSocketImpl.connect(PlainSocketImpl.java:172) ~[na:1.8.0_241]
	at java.net.SocksSocketImpl.connect(SocksSocketImpl.java:392) ~[na:1.8.0_241]
	at java.net.Socket.connect(Socket.java:606) ~[na:1.8.0_241]
	at com.mysql.cj.protocol.StandardSocketFactory.connect(StandardSocketFactory.java:155) ~[mysql-connector-java-8.0.20.jar:8.0.20]
	at com.mysql.cj.protocol.a.NativeSocketConnection.connect(NativeSocketConnection.java:65) ~[mysql-connector-java-8.0.20.jar:8.0.20]
	... 128 common frames omitted

2020-08-22 23:08:34.342 ERROR 7636 --- [http-nio-8080-exec-1] c.w.b.h.ControllerExceptionHandler       : Request URL : [/], Exception : [{}]

org.mybatis.spring.MyBatisSystemException: nested exception is org.apache.ibatis.exceptions.PersistenceException: 
### Error querying database.  Cause: org.springframework.jdbc.CannotGetJdbcConnectionException: Failed to obtain JDBC Connection; nested exception is com.mysql.cj.jdbc.exceptions.CommunicationsException: Communications link failure

The last packet sent successfully to the server was 0 milliseconds ago. The driver has not received any packets from the server.
### The error may exist in file [E:\java workspace\blog\target\classes\mapper\BlogDao.xml]
### The error may involve com.wjw.blog.dao.BlogDao.getAllBlogShow_COUNT
### The error occurred while executing a query
### Cause: org.springframework.jdbc.CannotGetJdbcConnectionException: Failed to obtain JDBC Connection; nested exception is com.mysql.cj.jdbc.exceptions.CommunicationsException: Communications link failure

The last packet sent successfully to the server was 0 milliseconds ago. The driver has not received any packets from the server.
	at org.mybatis.spring.MyBatisExceptionTranslator.translateExceptionIfPossible(MyBatisExceptionTranslator.java:92) ~[mybatis-spring-2.0.4.jar:2.0.4]
	at org.mybatis.spring.SqlSessionTemplate$SqlSessionInterceptor.invoke(SqlSessionTemplate.java:440) ~[mybatis-spring-2.0.4.jar:2.0.4]
	at com.sun.proxy.$Proxy70.selectList(Unknown Source) ~[na:na]
	at org.mybatis.spring.SqlSessionTemplate.selectList(SqlSessionTemplate.java:223) ~[mybatis-spring-2.0.4.jar:2.0.4]
	at org.apache.ibatis.binding.MapperMethod.executeForMany(MapperMethod.java:147) ~[mybatis-3.5.4.jar:3.5.4]
	at org.apache.ibatis.binding.MapperMethod.execute(MapperMethod.java:80) ~[mybatis-3.5.4.jar:3.5.4]
	at org.apache.ibatis.binding.MapperProxy$PlainMethodInvoker.invoke(MapperProxy.java:144) ~[mybatis-3.5.4.jar:3.5.4]
	at org.apache.ibatis.binding.MapperProxy.invoke(MapperProxy.java:85) ~[mybatis-3.5.4.jar:3.5.4]
	at com.sun.proxy.$Proxy71.getAllBlogShow(Unknown Source) ~[na:na]
	at sun.reflect.NativeMethodAccessorImpl.invoke0(Native Method) ~[na:1.8.0_241]
	at sun.reflect.NativeMethodAccessorImpl.invoke(NativeMethodAccessorImpl.java:62) ~[na:1.8.0_241]
	at sun.reflect.DelegatingMethodAccessorImpl.invoke(DelegatingMethodAccessorImpl.java:43) ~[na:1.8.0_241]
	at java.lang.reflect.Method.invoke(Method.java:498) ~[na:1.8.0_241]
	at org.springframework.aop.support.AopUtils.invokeJoinpointUsingReflection(AopUtils.java:344) ~[spring-aop-5.2.6.RELEASE.jar:5.2.6.RELEASE]
	at org.springframework.aop.framework.ReflectiveMethodInvocation.invokeJoinpoint(ReflectiveMethodInvocation.java:198) ~[spring-aop-5.2.6.RELEASE.jar:5.2.6.RELEASE]
	at org.springframework.aop.framework.ReflectiveMethodInvocation.proceed(ReflectiveMethodInvocation.java:163) ~[spring-aop-5.2.6.RELEASE.jar:5.2.6.RELEASE]
	at org.springframework.dao.support.PersistenceExceptionTranslationInterceptor.invoke(PersistenceExceptionTranslationInterceptor.java:139) ~[spring-tx-5.2.6.RELEASE.jar:5.2.6.RELEASE]
	at org.springframework.aop.framework.ReflectiveMethodInvocation.proceed(ReflectiveMethodInvocation.java:186) ~[spring-aop-5.2.6.RELEASE.jar:5.2.6.RELEASE]
	at org.springframework.aop.framework.JdkDynamicAopProxy.invoke(JdkDynamicAopProxy.java:212) ~[spring-aop-5.2.6.RELEASE.jar:5.2.6.RELEASE]
	at com.sun.proxy.$Proxy72.getAllBlogShow(Unknown Source) ~[na:na]
	at com.wjw.blog.service.impl.BlogServiceImpl.getAllBlogShow(BlogServiceImpl.java:84) ~[classes/:na]
	at com.wjw.blog.service.impl.BlogServiceImpl$$FastClassBySpringCGLIB$$a8041bd3.invoke(<generated>) ~[classes/:na]
	at org.springframework.cglib.proxy.MethodProxy.invoke(MethodProxy.java:218) ~[spring-core-5.2.6.RELEASE.jar:5.2.6.RELEASE]
	at org.springframework.aop.framework.CglibAopProxy$DynamicAdvisedInterceptor.intercept(CglibAopProxy.java:687) ~[spring-aop-5.2.6.RELEASE.jar:5.2.6.RELEASE]
	at com.wjw.blog.service.impl.BlogServiceImpl$$EnhancerBySpringCGLIB$$f7acf99c.getAllBlogShow(<generated>) ~[classes/:na]
	at com.wjw.blog.controller.IndexController.index(IndexController.java:34) ~[classes/:na]
	at com.wjw.blog.controller.IndexController$$FastClassBySpringCGLIB$$bddb5591.invoke(<generated>) ~[classes/:na]
	at org.springframework.cglib.proxy.MethodProxy.invoke(MethodProxy.java:218) ~[spring-core-5.2.6.RELEASE.jar:5.2.6.RELEASE]
	at org.springframework.aop.framework.CglibAopProxy$CglibMethodInvocation.invokeJoinpoint(CglibAopProxy.java:771) ~[spring-aop-5.2.6.RELEASE.jar:5.2.6.RELEASE]
	at org.springframework.aop.framework.ReflectiveMethodInvocation.proceed(ReflectiveMethodInvocation.java:163) ~[spring-aop-5.2.6.RELEASE.jar:5.2.6.RELEASE]
	at org.springframework.aop.framework.CglibAopProxy$CglibMethodInvocation.proceed(CglibAopProxy.java:749) ~[spring-aop-5.2.6.RELEASE.jar:5.2.6.RELEASE]
	at org.springframework.aop.framework.adapter.MethodBeforeAdviceInterceptor.invoke(MethodBeforeAdviceInterceptor.java:56) ~[spring-aop-5.2.6.RELEASE.jar:5.2.6.RELEASE]
	at org.springframework.aop.framework.ReflectiveMethodInvocation.proceed(ReflectiveMethodInvocation.java:186) ~[spring-aop-5.2.6.RELEASE.jar:5.2.6.RELEASE]
	at org.springframework.aop.framework.CglibAopProxy$CglibMethodInvocation.proceed(CglibAopProxy.java:749) ~[spring-aop-5.2.6.RELEASE.jar:5.2.6.RELEASE]
	at org.springframework.aop.aspectj.AspectJAfterAdvice.invoke(AspectJAfterAdvice.java:47) ~[spring-aop-5.2.6.RELEASE.jar:5.2.6.RELEASE]
	at org.springframework.aop.framework.ReflectiveMethodInvocation.proceed(ReflectiveMethodInvocation.java:186) ~[spring-aop-5.2.6.RELEASE.jar:5.2.6.RELEASE]
	at org.springframework.aop.framework.CglibAopProxy$CglibMethodInvocation.proceed(CglibAopProxy.java:749) ~[spring-aop-5.2.6.RELEASE.jar:5.2.6.RELEASE]
	at org.springframework.aop.framework.adapter.AfterReturningAdviceInterceptor.invoke(AfterReturningAdviceInterceptor.java:55) ~[spring-aop-5.2.6.RELEASE.jar:5.2.6.RELEASE]
	at org.springframework.aop.framework.ReflectiveMethodInvocation.proceed(ReflectiveMethodInvocation.java:186) ~[spring-aop-5.2.6.RELEASE.jar:5.2.6.RELEASE]
	at org.springframework.aop.framework.CglibAopProxy$CglibMethodInvocation.proceed(CglibAopProxy.java:749) ~[spring-aop-5.2.6.RELEASE.jar:5.2.6.RELEASE]
	at org.springframework.aop.interceptor.ExposeInvocationInterceptor.invoke(ExposeInvocationInterceptor.java:95) ~[spring-aop-5.2.6.RELEASE.jar:5.2.6.RELEASE]
	at org.springframework.aop.framework.ReflectiveMethodInvocation.proceed(ReflectiveMethodInvocation.java:186) ~[spring-aop-5.2.6.RELEASE.jar:5.2.6.RELEASE]
	at org.springframework.aop.framework.CglibAopProxy$CglibMethodInvocation.proceed(CglibAopProxy.java:749) ~[spring-aop-5.2.6.RELEASE.jar:5.2.6.RELEASE]
	at org.springframework.aop.framework.CglibAopProxy$DynamicAdvisedInterceptor.intercept(CglibAopProxy.java:691) ~[spring-aop-5.2.6.RELEASE.jar:5.2.6.RELEASE]
	at com.wjw.blog.controller.IndexController$$EnhancerBySpringCGLIB$$8c6d3fcd.index(<generated>) ~[classes/:na]
	at sun.reflect.NativeMethodAccessorImpl.invoke0(Native Method) ~[na:1.8.0_241]
	at sun.reflect.NativeMethodAccessorImpl.invoke(NativeMethodAccessorImpl.java:62) ~[na:1.8.0_241]
	at sun.reflect.DelegatingMethodAccessorImpl.invoke(DelegatingMethodAccessorImpl.java:43) ~[na:1.8.0_241]
	at java.lang.reflect.Method.invoke(Method.java:498) ~[na:1.8.0_241]
	at org.springframework.web.method.support.InvocableHandlerMethod.doInvoke(InvocableHandlerMethod.java:190) ~[spring-web-5.2.6.RELEASE.jar:5.2.6.RELEASE]
	at org.springframework.web.method.support.InvocableHandlerMethod.invokeForRequest(InvocableHandlerMethod.java:138) ~[spring-web-5.2.6.RELEASE.jar:5.2.6.RELEASE]
	at org.springframework.web.servlet.mvc.method.annotation.ServletInvocableHandlerMethod.invokeAndHandle(ServletInvocableHandlerMethod.java:105) ~[spring-webmvc-5.2.6.RELEASE.jar:5.2.6.RELEASE]
	at org.springframework.web.servlet.mvc.method.annotation.RequestMappingHandlerAdapter.invokeHandlerMethod(RequestMappingHandlerAdapter.java:879) ~[spring-webmvc-5.2.6.RELEASE.jar:5.2.6.RELEASE]
	at org.springframework.web.servlet.mvc.method.annotation.RequestMappingHandlerAdapter.handleInternal(RequestMappingHandlerAdapter.java:793) ~[spring-webmvc-5.2.6.RELEASE.jar:5.2.6.RELEASE]
	at org.springframework.web.servlet.mvc.method.AbstractHandlerMethodAdapter.handle(AbstractHandlerMethodAdapter.java:87) ~[spring-webmvc-5.2.6.RELEASE.jar:5.2.6.RELEASE]
	at org.springframework.web.servlet.DispatcherServlet.doDispatch(DispatcherServlet.java:1040) ~[spring-webmvc-5.2.6.RELEASE.jar:5.2.6.RELEASE]
	at org.springframework.web.servlet.DispatcherServlet.doService(DispatcherServlet.java:943) ~[spring-webmvc-5.2.6.RELEASE.jar:5.2.6.RELEASE]
	at org.springframework.web.servlet.FrameworkServlet.processRequest(FrameworkServlet.java:1006) [spring-webmvc-5.2.6.RELEASE.jar:5.2.6.RELEASE]
	at org.springframework.web.servlet.FrameworkServlet.doGet(FrameworkServlet.java:898) [spring-webmvc-5.2.6.RELEASE.jar:5.2.6.RELEASE]
	at javax.servlet.http.HttpServlet.service(HttpServlet.java:634) [tomcat-embed-core-9.0.35.jar:9.0.35]
	at org.springframework.web.servlet.FrameworkServlet.service(FrameworkServlet.java:883) [spring-webmvc-5.2.6.RELEASE.jar:5.2.6.RELEASE]
	at javax.servlet.http.HttpServlet.service(HttpServlet.java:741) [tomcat-embed-core-9.0.35.jar:9.0.35]
	at org.apache.catalina.core.ApplicationFilterChain.internalDoFilter(ApplicationFilterChain.java:231) [tomcat-embed-core-9.0.35.jar:9.0.35]
	at org.apache.catalina.core.ApplicationFilterChain.doFilter(ApplicationFilterChain.java:166) [tomcat-embed-core-9.0.35.jar:9.0.35]
	at org.apache.tomcat.websocket.server.WsFilter.doFilter(WsFilter.java:53) [tomcat-embed-websocket-9.0.35.jar:9.0.35]
	at org.apache.catalina.core.ApplicationFilterChain.internalDoFilter(ApplicationFilterChain.java:193) [tomcat-embed-core-9.0.35.jar:9.0.35]
	at org.apache.catalina.core.ApplicationFilterChain.doFilter(ApplicationFilterChain.java:166) [tomcat-embed-core-9.0.35.jar:9.0.35]
	at org.springframework.web.filter.RequestContextFilter.doFilterInternal(RequestContextFilter.java:100) [spring-web-5.2.6.RELEASE.jar:5.2.6.RELEASE]
	at org.springframework.web.filter.OncePerRequestFilter.doFilter(OncePerRequestFilter.java:119) [spring-web-5.2.6.RELEASE.jar:5.2.6.RELEASE]
	at org.apache.catalina.core.ApplicationFilterChain.internalDoFilter(ApplicationFilterChain.java:193) [tomcat-embed-core-9.0.35.jar:9.0.35]
	at org.apache.catalina.core.ApplicationFilterChain.doFilter(ApplicationFilterChain.java:166) [tomcat-embed-core-9.0.35.jar:9.0.35]
	at org.springframework.web.filter.FormContentFilter.doFilterInternal(FormContentFilter.java:93) [spring-web-5.2.6.RELEASE.jar:5.2.6.RELEASE]
	at org.springframework.web.filter.OncePerRequestFilter.doFilter(OncePerRequestFilter.java:119) [spring-web-5.2.6.RELEASE.jar:5.2.6.RELEASE]
	at org.apache.catalina.core.ApplicationFilterChain.internalDoFilter(ApplicationFilterChain.java:193) [tomcat-embed-core-9.0.35.jar:9.0.35]
	at org.apache.catalina.core.ApplicationFilterChain.doFilter(ApplicationFilterChain.java:166) [tomcat-embed-core-9.0.35.jar:9.0.35]
	at org.springframework.web.filter.CharacterEncodingFilter.doFilterInternal(CharacterEncodingFilter.java:201) [spring-web-5.2.6.RELEASE.jar:5.2.6.RELEASE]
	at org.springframework.web.filter.OncePerRequestFilter.doFilter(OncePerRequestFilter.java:119) [spring-web-5.2.6.RELEASE.jar:5.2.6.RELEASE]
	at org.apache.catalina.core.ApplicationFilterChain.internalDoFilter(ApplicationFilterChain.java:193) [tomcat-embed-core-9.0.35.jar:9.0.35]
	at org.apache.catalina.core.ApplicationFilterChain.doFilter(ApplicationFilterChain.java:166) [tomcat-embed-core-9.0.35.jar:9.0.35]
	at org.apache.catalina.core.StandardWrapperValve.invoke(StandardWrapperValve.java:202) [tomcat-embed-core-9.0.35.jar:9.0.35]
	at org.apache.catalina.core.StandardContextValve.invoke(StandardContextValve.java:96) [tomcat-embed-core-9.0.35.jar:9.0.35]
	at org.apache.catalina.authenticator.AuthenticatorBase.invoke(AuthenticatorBase.java:541) [tomcat-embed-core-9.0.35.jar:9.0.35]
	at org.apache.catalina.core.StandardHostValve.invoke(StandardHostValve.java:139) [tomcat-embed-core-9.0.35.jar:9.0.35]
	at org.apache.catalina.valves.ErrorReportValve.invoke(ErrorReportValve.java:92) [tomcat-embed-core-9.0.35.jar:9.0.35]
	at org.apache.catalina.core.StandardEngineValve.invoke(StandardEngineValve.java:74) [tomcat-embed-core-9.0.35.jar:9.0.35]
	at org.apache.catalina.connector.CoyoteAdapter.service(CoyoteAdapter.java:343) [tomcat-embed-core-9.0.35.jar:9.0.35]
	at org.apache.coyote.http11.Http11Processor.service(Http11Processor.java:373) [tomcat-embed-core-9.0.35.jar:9.0.35]
	at org.apache.coyote.AbstractProcessorLight.process(AbstractProcessorLight.java:65) [tomcat-embed-core-9.0.35.jar:9.0.35]
	at org.apache.coyote.AbstractProtocol$ConnectionHandler.process(AbstractProtocol.java:868) [tomcat-embed-core-9.0.35.jar:9.0.35]
	at org.apache.tomcat.util.net.NioEndpoint$SocketProcessor.doRun(NioEndpoint.java:1590) [tomcat-embed-core-9.0.35.jar:9.0.35]
	at org.apache.tomcat.util.net.SocketProcessorBase.run(SocketProcessorBase.java:49) [tomcat-embed-core-9.0.35.jar:9.0.35]
	at java.util.concurrent.ThreadPoolExecutor.runWorker(ThreadPoolExecutor.java:1149) [na:1.8.0_241]
	at java.util.concurrent.ThreadPoolExecutor$Worker.run(ThreadPoolExecutor.java:624) [na:1.8.0_241]
	at org.apache.tomcat.util.threads.TaskThread$WrappingRunnable.run(TaskThread.java:61) [tomcat-embed-core-9.0.35.jar:9.0.35]
	at java.lang.Thread.run(Thread.java:748) [na:1.8.0_241]
Caused by: org.apache.ibatis.exceptions.PersistenceException: 
### Error querying database.  Cause: org.springframework.jdbc.CannotGetJdbcConnectionException: Failed to obtain JDBC Connection; nested exception is com.mysql.cj.jdbc.exceptions.CommunicationsException: Communications link failure

The last packet sent successfully to the server was 0 milliseconds ago. The driver has not received any packets from the server.
### The error may exist in file [E:\java workspace\blog\target\classes\mapper\BlogDao.xml]
### The error may involve com.wjw.blog.dao.BlogDao.getAllBlogShow_COUNT
### The error occurred while executing a query
### Cause: org.springframework.jdbc.CannotGetJdbcConnectionException: Failed to obtain JDBC Connection; nested exception is com.mysql.cj.jdbc.exceptions.CommunicationsException: Communications link failure

The last packet sent successfully to the server was 0 milliseconds ago. The driver has not received any packets from the server.
	at org.apache.ibatis.exceptions.ExceptionFactory.wrapException(ExceptionFactory.java:30) ~[mybatis-3.5.4.jar:3.5.4]
	at org.apache.ibatis.session.defaults.DefaultSqlSession.selectList(DefaultSqlSession.java:149) ~[mybatis-3.5.4.jar:3.5.4]
	at org.apache.ibatis.session.defaults.DefaultSqlSession.selectList(DefaultSqlSession.java:140) ~[mybatis-3.5.4.jar:3.5.4]
	at sun.reflect.NativeMethodAccessorImpl.invoke0(Native Method) ~[na:1.8.0_241]
	at sun.reflect.NativeMethodAccessorImpl.invoke(NativeMethodAccessorImpl.java:62) ~[na:1.8.0_241]
	at sun.reflect.DelegatingMethodAccessorImpl.invoke(DelegatingMethodAccessorImpl.java:43) ~[na:1.8.0_241]
	at java.lang.reflect.Method.invoke(Method.java:498) ~[na:1.8.0_241]
	at org.mybatis.spring.SqlSessionTemplate$SqlSessionInterceptor.invoke(SqlSessionTemplate.java:426) ~[mybatis-spring-2.0.4.jar:2.0.4]
	... 93 common frames omitted
Caused by: org.springframework.jdbc.CannotGetJdbcConnectionException: Failed to obtain JDBC Connection; nested exception is com.mysql.cj.jdbc.exceptions.CommunicationsException: Communications link failure

The last packet sent successfully to the server was 0 milliseconds ago. The driver has not received any packets from the server.
	at org.springframework.jdbc.datasource.DataSourceUtils.getConnection(DataSourceUtils.java:82) ~[spring-jdbc-5.2.6.RELEASE.jar:5.2.6.RELEASE]
	at org.mybatis.spring.transaction.SpringManagedTransaction.openConnection(SpringManagedTransaction.java:80) ~[mybatis-spring-2.0.4.jar:2.0.4]
	at org.mybatis.spring.transaction.SpringManagedTransaction.getConnection(SpringManagedTransaction.java:67) ~[mybatis-spring-2.0.4.jar:2.0.4]
	at org.apache.ibatis.executor.BaseExecutor.getConnection(BaseExecutor.java:336) ~[mybatis-3.5.4.jar:3.5.4]
	at org.apache.ibatis.executor.SimpleExecutor.prepareStatement(SimpleExecutor.java:86) ~[mybatis-3.5.4.jar:3.5.4]
	at org.apache.ibatis.executor.SimpleExecutor.doQuery(SimpleExecutor.java:62) ~[mybatis-3.5.4.jar:3.5.4]
	at org.apache.ibatis.executor.BaseExecutor.queryFromDatabase(BaseExecutor.java:324) ~[mybatis-3.5.4.jar:3.5.4]
	at org.apache.ibatis.executor.BaseExecutor.query(BaseExecutor.java:156) ~[mybatis-3.5.4.jar:3.5.4]
	at org.apache.ibatis.executor.CachingExecutor.query(CachingExecutor.java:109) ~[mybatis-3.5.4.jar:3.5.4]
	at com.github.pagehelper.PageInterceptor.executeAutoCount(PageInterceptor.java:201) ~[pagehelper-5.1.2.jar:na]
	at com.github.pagehelper.PageInterceptor.intercept(PageInterceptor.java:113) ~[pagehelper-5.1.2.jar:na]
	at org.apache.ibatis.plugin.Plugin.invoke(Plugin.java:61) ~[mybatis-3.5.4.jar:3.5.4]
	at com.sun.proxy.$Proxy98.query(Unknown Source) ~[na:na]
	at org.apache.ibatis.session.defaults.DefaultSqlSession.selectList(DefaultSqlSession.java:147) ~[mybatis-3.5.4.jar:3.5.4]
	... 99 common frames omitted
Caused by: com.mysql.cj.jdbc.exceptions.CommunicationsException: Communications link failure

The last packet sent successfully to the server was 0 milliseconds ago. The driver has not received any packets from the server.
	at com.mysql.cj.jdbc.exceptions.SQLError.createCommunicationsException(SQLError.java:174) ~[mysql-connector-java-8.0.20.jar:8.0.20]
	at com.mysql.cj.jdbc.exceptions.SQLExceptionsMapping.translateException(SQLExceptionsMapping.java:64) ~[mysql-connector-java-8.0.20.jar:8.0.20]
	at com.mysql.cj.jdbc.ConnectionImpl.createNewIO(ConnectionImpl.java:836) ~[mysql-connector-java-8.0.20.jar:8.0.20]
	at com.mysql.cj.jdbc.ConnectionImpl.<init>(ConnectionImpl.java:456) ~[mysql-connector-java-8.0.20.jar:8.0.20]
	at com.mysql.cj.jdbc.ConnectionImpl.getInstance(ConnectionImpl.java:246) ~[mysql-connector-java-8.0.20.jar:8.0.20]
	at com.mysql.cj.jdbc.NonRegisteringDriver.connect(NonRegisteringDriver.java:197) ~[mysql-connector-java-8.0.20.jar:8.0.20]
	at com.zaxxer.hikari.util.DriverDataSource.getConnection(DriverDataSource.java:138) ~[HikariCP-3.4.5.jar:na]
	at com.zaxxer.hikari.pool.PoolBase.newConnection(PoolBase.java:358) ~[HikariCP-3.4.5.jar:na]
	at com.zaxxer.hikari.pool.PoolBase.newPoolEntry(PoolBase.java:206) ~[HikariCP-3.4.5.jar:na]
	at com.zaxxer.hikari.pool.HikariPool.createPoolEntry(HikariPool.java:477) ~[HikariCP-3.4.5.jar:na]
	at com.zaxxer.hikari.pool.HikariPool.checkFailFast(HikariPool.java:560) ~[HikariCP-3.4.5.jar:na]
	at com.zaxxer.hikari.pool.HikariPool.<init>(HikariPool.java:115) ~[HikariCP-3.4.5.jar:na]
	at com.zaxxer.hikari.HikariDataSource.getConnection(HikariDataSource.java:112) ~[HikariCP-3.4.5.jar:na]
	at org.springframework.jdbc.datasource.DataSourceUtils.fetchConnection(DataSourceUtils.java:158) ~[spring-jdbc-5.2.6.RELEASE.jar:5.2.6.RELEASE]
	at org.springframework.jdbc.datasource.DataSourceUtils.doGetConnection(DataSourceUtils.java:116) ~[spring-jdbc-5.2.6.RELEASE.jar:5.2.6.RELEASE]
	at org.springframework.jdbc.datasource.DataSourceUtils.getConnection(DataSourceUtils.java:79) ~[spring-jdbc-5.2.6.RELEASE.jar:5.2.6.RELEASE]
	... 112 common frames omitted
Caused by: com.mysql.cj.exceptions.CJCommunicationsException: Communications link failure

The last packet sent successfully to the server was 0 milliseconds ago. The driver has not received any packets from the server.
	at sun.reflect.NativeConstructorAccessorImpl.newInstance0(Native Method) ~[na:1.8.0_241]
	at sun.reflect.NativeConstructorAccessorImpl.newInstance(NativeConstructorAccessorImpl.java:62) ~[na:1.8.0_241]
	at sun.reflect.DelegatingConstructorAccessorImpl.newInstance(DelegatingConstructorAccessorImpl.java:45) ~[na:1.8.0_241]
	at java.lang.reflect.Constructor.newInstance(Constructor.java:423) ~[na:1.8.0_241]
	at com.mysql.cj.exceptions.ExceptionFactory.createException(ExceptionFactory.java:61) ~[mysql-connector-java-8.0.20.jar:8.0.20]
	at com.mysql.cj.exceptions.ExceptionFactory.createException(ExceptionFactory.java:105) ~[mysql-connector-java-8.0.20.jar:8.0.20]
	at com.mysql.cj.exceptions.ExceptionFactory.createException(ExceptionFactory.java:151) ~[mysql-connector-java-8.0.20.jar:8.0.20]
	at com.mysql.cj.exceptions.ExceptionFactory.createCommunicationsException(ExceptionFactory.java:167) ~[mysql-connector-java-8.0.20.jar:8.0.20]
	at com.mysql.cj.protocol.a.NativeSocketConnection.connect(NativeSocketConnection.java:91) ~[mysql-connector-java-8.0.20.jar:8.0.20]
	at com.mysql.cj.NativeSession.connect(NativeSession.java:144) ~[mysql-connector-java-8.0.20.jar:8.0.20]
	at com.mysql.cj.jdbc.ConnectionImpl.connectOneTryOnly(ConnectionImpl.java:956) ~[mysql-connector-java-8.0.20.jar:8.0.20]
	at com.mysql.cj.jdbc.ConnectionImpl.createNewIO(ConnectionImpl.java:826) ~[mysql-connector-java-8.0.20.jar:8.0.20]
	... 125 common frames omitted
Caused by: java.net.ConnectException: Connection refused: connect
	at java.net.DualStackPlainSocketImpl.waitForConnect(Native Method) ~[na:1.8.0_241]
	at java.net.DualStackPlainSocketImpl.socketConnect(DualStackPlainSocketImpl.java:85) ~[na:1.8.0_241]
	at java.net.AbstractPlainSocketImpl.doConnect(AbstractPlainSocketImpl.java:350) ~[na:1.8.0_241]
	at java.net.AbstractPlainSocketImpl.connectToAddress(AbstractPlainSocketImpl.java:206) ~[na:1.8.0_241]
	at java.net.AbstractPlainSocketImpl.connect(AbstractPlainSocketImpl.java:188) ~[na:1.8.0_241]
	at java.net.PlainSocketImpl.connect(PlainSocketImpl.java:172) ~[na:1.8.0_241]
	at java.net.SocksSocketImpl.connect(SocksSocketImpl.java:392) ~[na:1.8.0_241]
	at java.net.Socket.connect(Socket.java:606) ~[na:1.8.0_241]
	at com.mysql.cj.protocol.StandardSocketFactory.connect(StandardSocketFactory.java:155) ~[mysql-connector-java-8.0.20.jar:8.0.20]
	at com.mysql.cj.protocol.a.NativeSocketConnection.connect(NativeSocketConnection.java:65) ~[mysql-connector-java-8.0.20.jar:8.0.20]
	... 128 common frames omitted

2020-08-22 23:08:34.348  WARN 7636 --- [http-nio-8080-exec-1] .m.m.a.ExceptionHandlerExceptionResolver : Resolved [org.mybatis.spring.MyBatisSystemException: nested exception is org.apache.ibatis.exceptions.PersistenceException: 
### Error querying database.  Cause: org.springframework.jdbc.CannotGetJdbcConnectionException: Failed to obtain JDBC Connection; nested exception is com.mysql.cj.jdbc.exceptions.CommunicationsException: Communications link failure

The last packet sent successfully to the server was 0 milliseconds ago. The driver has not received any packets from the server.
### The error may exist in file [E:\java workspace\blog\target\classes\mapper\BlogDao.xml]
### The error may involve com.wjw.blog.dao.BlogDao.getAllBlogShow_COUNT
### The error occurred while executing a query
### Cause: org.springframework.jdbc.CannotGetJdbcConnectionException: Failed to obtain JDBC Connection; nested exception is com.mysql.cj.jdbc.exceptions.CommunicationsException: Communications link failure

The last packet sent successfully to the server was 0 milliseconds ago. The driver has not received any packets from the server.]
2020-08-22 23:09:19.612  INFO 7636 --- [http-nio-8080-exec-3] com.wjw.blog.aspect.LogAspect            : Request : url='http://localhost:8080/', ip='0:0:0:0:0:0:0:1', classMethod='com.wjw.blog.controller.IndexController.index', args=[{}, 1]}
2020-08-22 23:09:19.620  INFO 7636 --- [http-nio-8080-exec-3] com.zaxxer.hikari.HikariDataSource       : HikariPool-1 - Starting...
2020-08-22 23:09:20.534  INFO 7636 --- [http-nio-8080-exec-3] com.zaxxer.hikari.HikariDataSource       : HikariPool-1 - Start completed.
2020-08-22 23:09:20.542 DEBUG 7636 --- [http-nio-8080-exec-3] c.w.b.dao.BlogDao.getAllBlogShow_COUNT   : ==>  Preparing: SELECT count(0) FROM blog.blog b, blog.type t, blog.user u WHERE b.type_id = t.id AND b.user_id = u.id AND b.publish = 1 
2020-08-22 23:09:20.570 DEBUG 7636 --- [http-nio-8080-exec-3] c.w.b.dao.BlogDao.getAllBlogShow_COUNT   : ==> Parameters: 
2020-08-22 23:09:20.912 DEBUG 7636 --- [http-nio-8080-exec-3] c.w.b.dao.BlogDao.getAllBlogShow_COUNT   : <==      Total: 1
2020-08-22 23:09:20.920 DEBUG 7636 --- [http-nio-8080-exec-3] com.wjw.blog.dao.BlogDao.getAllBlogShow  : ==>  Preparing: select b.id, b.title, b.first_picture, b.views, b.update_time, b.description, t.name, u.nickname, u.avatar from blog.blog b, blog.type t, blog.user u where b.type_id = t.id and b.user_id = u.id and b.publish = 1 order by b.id desc LIMIT ? 
2020-08-22 23:09:20.921 DEBUG 7636 --- [http-nio-8080-exec-3] com.wjw.blog.dao.BlogDao.getAllBlogShow  : ==> Parameters: 10(Integer)
2020-08-22 23:09:20.945 DEBUG 7636 --- [http-nio-8080-exec-3] com.wjw.blog.dao.BlogDao.getAllBlogShow  : <==      Total: 10
2020-08-22 23:09:20.951 DEBUG 7636 --- [http-nio-8080-exec-3] com.wjw.blog.dao.TypeDao.getAllType      : ==>  Preparing: select t.id tid, t.name, b.id bid, b.title from blog.type t, blog.blog b where t.id = b.type_id 
2020-08-22 23:09:20.951 DEBUG 7636 --- [http-nio-8080-exec-3] com.wjw.blog.dao.TypeDao.getAllType      : ==> Parameters: 
2020-08-22 23:09:20.957 DEBUG 7636 --- [http-nio-8080-exec-3] com.wjw.blog.dao.TypeDao.getAllType      : <==      Total: 23
2020-08-22 23:09:20.960 DEBUG 7636 --- [http-nio-8080-exec-3] com.wjw.blog.dao.TagDao.getAllTag        : ==>  Preparing: select t.id tid, t.name, b.id bid, b.title from blog.tag t, blog.blog b, blog.blog_tag bt where t.id = bt.tag_id and b.id = bt.blog_id 
2020-08-22 23:09:20.960 DEBUG 7636 --- [http-nio-8080-exec-3] com.wjw.blog.dao.TagDao.getAllTag        : ==> Parameters: 
2020-08-22 23:09:21.007 DEBUG 7636 --- [http-nio-8080-exec-3] com.wjw.blog.dao.TagDao.getAllTag        : <==      Total: 24
2020-08-22 23:09:21.009 DEBUG 7636 --- [http-nio-8080-exec-3] c.w.b.dao.BlogDao.getAllRecommendBlog    : ==>  Preparing: select id, title, recommend from blog.blog where recommend = 1 
2020-08-22 23:09:21.009 DEBUG 7636 --- [http-nio-8080-exec-3] c.w.b.dao.BlogDao.getAllRecommendBlog    : ==> Parameters: 
2020-08-22 23:09:21.016 DEBUG 7636 --- [http-nio-8080-exec-3] c.w.b.dao.BlogDao.getAllRecommendBlog    : <==      Total: 22
2020-08-22 23:09:21.017  INFO 7636 --- [http-nio-8080-exec-3] com.wjw.blog.aspect.LogAspect            : Result : index
2020-08-22 23:11:58.687  INFO 7636 --- [http-nio-8080-exec-9] com.wjw.blog.aspect.LogAspect            : Request : url='http://localhost:8080/blog/1596815423516', ip='0:0:0:0:0:0:0:1', classMethod='com.wjw.blog.controller.IndexController.blog', args=[1596815423516, {}]}
2020-08-22 23:11:58.701 DEBUG 7636 --- [http-nio-8080-exec-9] com.wjw.blog.dao.BlogDao.addViews        : ==>  Preparing: update blog.blog set views = views + 1 where id = ? 
2020-08-22 23:11:58.701 DEBUG 7636 --- [http-nio-8080-exec-9] com.wjw.blog.dao.BlogDao.addViews        : ==> Parameters: 1596815423516(Long)
2020-08-22 23:11:58.795 DEBUG 7636 --- [http-nio-8080-exec-9] com.wjw.blog.dao.BlogDao.addViews        : <==    Updates: 1
2020-08-22 23:11:59.013 DEBUG 7636 --- [http-nio-8080-exec-9] com.wjw.blog.dao.BlogDao.getBlogDetail   : ==>  Preparing: select b.id bid, b.first_picture, b.flag, b.title, b.content, b.views, b.update_time, b.create_time, b.comment, u.nickname,u.avatar, t.id tid ,t.name from blog.blog b,blog.user u,blog.tag t,blog.blog_tag tb where b.user_id = u.id and tb.blog_id = b.id and tb.tag_id = t.id and b.id = ? 
2020-08-22 23:11:59.013 DEBUG 7636 --- [http-nio-8080-exec-9] com.wjw.blog.dao.BlogDao.getBlogDetail   : ==> Parameters: 1596815423516(Long)
2020-08-22 23:11:59.017 DEBUG 7636 --- [http-nio-8080-exec-9] com.wjw.blog.dao.BlogDao.getBlogDetail   : <==      Total: 1
2020-08-22 23:11:59.068  INFO 7636 --- [http-nio-8080-exec-9] com.wjw.blog.aspect.LogAspect            : Result : blog
2020-08-22 23:11:59.639  INFO 7636 --- [http-nio-8080-exec-6] com.wjw.blog.aspect.LogAspect            : Request : url='http://localhost:8080/comments/1596815423516', ip='0:0:0:0:0:0:0:1', classMethod='com.wjw.blog.controller.CommentController.comments', args=[1596815423516, {}]}
2020-08-22 23:11:59.650 DEBUG 7636 --- [http-nio-8080-exec-6] c.wjw.blog.dao.CommentDao.findByBlogId   : ==>  Preparing: select c.id cid, c.nickname, c.email, c.content, c.avatar, c.create_time, c.blog_id, c.parent_comment_id from blog.comment c where c.blog_id = ? and c.parent_comment_id = ? order by c.create_time 
2020-08-22 23:11:59.650 DEBUG 7636 --- [http-nio-8080-exec-6] c.wjw.blog.dao.CommentDao.findByBlogId   : ==> Parameters: 1596815423516(Long), -1(Long)
2020-08-22 23:11:59.697 DEBUG 7636 --- [http-nio-8080-exec-6] c.wjw.blog.dao.CommentDao.findByBlogId   : <==      Total: 0
2020-08-22 23:11:59.698  INFO 7636 --- [http-nio-8080-exec-6] com.wjw.blog.aspect.LogAspect            : Result : blog :: commentList
2020-08-22 23:12:47.007  INFO 7636 --- [http-nio-8080-exec-8] com.wjw.blog.aspect.LogAspect            : Request : url='http://localhost:8080/loginPage', ip='0:0:0:0:0:0:0:1', classMethod='com.wjw.blog.controller.UserController.toLogin', args=[]}
2020-08-22 23:12:47.012  INFO 7636 --- [http-nio-8080-exec-8] com.wjw.blog.aspect.LogAspect            : Result : login
2020-08-22 23:12:49.079  INFO 7636 --- [http-nio-8080-exec-10] com.wjw.blog.aspect.LogAspect            : Request : url='http://localhost:8080/login', ip='0:0:0:0:0:0:0:1', classMethod='com.wjw.blog.controller.UserController.login', args=[wjw, 123456, org.apache.catalina.session.StandardSessionFacade@14a19670, {}]}
2020-08-22 23:12:49.081 DEBUG 7636 --- [http-nio-8080-exec-10] com.wjw.blog.dao.UserDao.findUser        : ==>  Preparing: select * from blog.user where username = ? and password = ? 
2020-08-22 23:12:49.081 DEBUG 7636 --- [http-nio-8080-exec-10] com.wjw.blog.dao.UserDao.findUser        : ==> Parameters: wjw(String), e10adc3949ba59abbe56e057f20f883e(String)
2020-08-22 23:12:49.085 DEBUG 7636 --- [http-nio-8080-exec-10] com.wjw.blog.dao.UserDao.findUser        : <==      Total: 1
2020-08-22 23:12:49.087  INFO 7636 --- [http-nio-8080-exec-10] com.wjw.blog.aspect.LogAspect            : Result : redirect:/
2020-08-22 23:12:49.108  INFO 7636 --- [http-nio-8080-exec-1] com.wjw.blog.aspect.LogAspect            : Request : url='http://localhost:8080/;jsessionid=7E98F61ECEB60D9C45C00E69B763DB1E', ip='0:0:0:0:0:0:0:1', classMethod='com.wjw.blog.controller.IndexController.index', args=[{}, 1]}
2020-08-22 23:12:49.110 DEBUG 7636 --- [http-nio-8080-exec-1] c.w.b.dao.BlogDao.getAllBlogShow_COUNT   : ==>  Preparing: SELECT count(0) FROM blog.blog b, blog.type t, blog.user u WHERE b.type_id = t.id AND b.user_id = u.id AND b.publish = 1 
2020-08-22 23:12:49.110 DEBUG 7636 --- [http-nio-8080-exec-1] c.w.b.dao.BlogDao.getAllBlogShow_COUNT   : ==> Parameters: 
2020-08-22 23:12:49.112 DEBUG 7636 --- [http-nio-8080-exec-1] c.w.b.dao.BlogDao.getAllBlogShow_COUNT   : <==      Total: 1
2020-08-22 23:12:49.112 DEBUG 7636 --- [http-nio-8080-exec-1] com.wjw.blog.dao.BlogDao.getAllBlogShow  : ==>  Preparing: select b.id, b.title, b.first_picture, b.views, b.update_time, b.description, t.name, u.nickname, u.avatar from blog.blog b, blog.type t, blog.user u where b.type_id = t.id and b.user_id = u.id and b.publish = 1 order by b.id desc LIMIT ? 
2020-08-22 23:12:49.112 DEBUG 7636 --- [http-nio-8080-exec-1] com.wjw.blog.dao.BlogDao.getAllBlogShow  : ==> Parameters: 10(Integer)
2020-08-22 23:12:49.121 DEBUG 7636 --- [http-nio-8080-exec-1] com.wjw.blog.dao.BlogDao.getAllBlogShow  : <==      Total: 10
2020-08-22 23:12:49.122 DEBUG 7636 --- [http-nio-8080-exec-1] com.wjw.blog.dao.TypeDao.getAllType      : ==>  Preparing: select t.id tid, t.name, b.id bid, b.title from blog.type t, blog.blog b where t.id = b.type_id 
2020-08-22 23:12:49.123 DEBUG 7636 --- [http-nio-8080-exec-1] com.wjw.blog.dao.TypeDao.getAllType      : ==> Parameters: 
2020-08-22 23:12:49.126 DEBUG 7636 --- [http-nio-8080-exec-1] com.wjw.blog.dao.TypeDao.getAllType      : <==      Total: 23
2020-08-22 23:12:49.127 DEBUG 7636 --- [http-nio-8080-exec-1] com.wjw.blog.dao.TagDao.getAllTag        : ==>  Preparing: select t.id tid, t.name, b.id bid, b.title from blog.tag t, blog.blog b, blog.blog_tag bt where t.id = bt.tag_id and b.id = bt.blog_id 
2020-08-22 23:12:49.127 DEBUG 7636 --- [http-nio-8080-exec-1] com.wjw.blog.dao.TagDao.getAllTag        : ==> Parameters: 
2020-08-22 23:12:49.131 DEBUG 7636 --- [http-nio-8080-exec-1] com.wjw.blog.dao.TagDao.getAllTag        : <==      Total: 24
2020-08-22 23:12:49.133 DEBUG 7636 --- [http-nio-8080-exec-1] c.w.b.dao.BlogDao.getAllRecommendBlog    : ==>  Preparing: select id, title, recommend from blog.blog where recommend = 1 
2020-08-22 23:12:49.133 DEBUG 7636 --- [http-nio-8080-exec-1] c.w.b.dao.BlogDao.getAllRecommendBlog    : ==> Parameters: 
2020-08-22 23:12:49.137 DEBUG 7636 --- [http-nio-8080-exec-1] c.w.b.dao.BlogDao.getAllRecommendBlog    : <==      Total: 22
2020-08-22 23:12:49.138  INFO 7636 --- [http-nio-8080-exec-1] com.wjw.blog.aspect.LogAspect            : Result : index
2020-08-22 23:12:54.162 DEBUG 7636 --- [http-nio-8080-exec-2] c.w.b.d.U.findAdminByUsernameAndPassword : ==>  Preparing: select * from blog.user where username = ? and password = ? and type = 1 
2020-08-22 23:12:54.163 DEBUG 7636 --- [http-nio-8080-exec-2] c.w.b.d.U.findAdminByUsernameAndPassword : ==> Parameters: wjw(String), e10adc3949ba59abbe56e057f20f883e(String)
2020-08-22 23:12:54.165 DEBUG 7636 --- [http-nio-8080-exec-2] c.w.b.d.U.findAdminByUsernameAndPassword : <==      Total: 1
2020-08-22 23:12:57.455 DEBUG 7636 --- [http-nio-8080-exec-3] c.w.b.dao.BlogDao.getAllBlogQuery_COUNT  : ==>  Preparing: SELECT count(0) FROM blog.blog b LEFT JOIN blog.type t ON b.type_id = t.id 
2020-08-22 23:12:57.455 DEBUG 7636 --- [http-nio-8080-exec-3] c.w.b.dao.BlogDao.getAllBlogQuery_COUNT  : ==> Parameters: 
2020-08-22 23:12:57.462 DEBUG 7636 --- [http-nio-8080-exec-3] c.w.b.dao.BlogDao.getAllBlogQuery_COUNT  : <==      Total: 1
2020-08-22 23:12:57.464 DEBUG 7636 --- [http-nio-8080-exec-3] c.wjw.blog.dao.BlogDao.getAllBlogQuery   : ==>  Preparing: select b.id bid, b.title, b.update_time, b.recommend, b.type_id, b.publish, t.id tid, t.name from blog.blog b left join blog.type t on b.type_id = t.id order by b.update_time desc LIMIT ? 
2020-08-22 23:12:57.465 DEBUG 7636 --- [http-nio-8080-exec-3] c.wjw.blog.dao.BlogDao.getAllBlogQuery   : ==> Parameters: 6(Integer)
2020-08-22 23:12:57.468 DEBUG 7636 --- [http-nio-8080-exec-3] c.wjw.blog.dao.BlogDao.getAllBlogQuery   : <==      Total: 6
2020-08-22 23:12:57.469 DEBUG 7636 --- [http-nio-8080-exec-3] com.wjw.blog.dao.TypeDao.getAdminType    : ==>  Preparing: select * from blog.type order by name 
2020-08-22 23:12:57.469 DEBUG 7636 --- [http-nio-8080-exec-3] com.wjw.blog.dao.TypeDao.getAdminType    : ==> Parameters: 
2020-08-22 23:12:57.473 DEBUG 7636 --- [http-nio-8080-exec-3] com.wjw.blog.dao.TypeDao.getAdminType    : <==      Total: 6
2020-08-22 23:12:59.169 DEBUG 7636 --- [http-nio-8080-exec-7] c.w.b.dao.BlogDao.getAllBlogQuery_COUNT  : ==>  Preparing: SELECT count(0) FROM blog.blog b LEFT JOIN blog.type t ON b.type_id = t.id 
2020-08-22 23:12:59.169 DEBUG 7636 --- [http-nio-8080-exec-7] c.w.b.dao.BlogDao.getAllBlogQuery_COUNT  : ==> Parameters: 
2020-08-22 23:12:59.170 DEBUG 7636 --- [http-nio-8080-exec-7] c.w.b.dao.BlogDao.getAllBlogQuery_COUNT  : <==      Total: 1
2020-08-22 23:12:59.171 DEBUG 7636 --- [http-nio-8080-exec-7] c.wjw.blog.dao.BlogDao.getAllBlogQuery   : ==>  Preparing: select b.id bid, b.title, b.update_time, b.recommend, b.type_id, b.publish, t.id tid, t.name from blog.blog b left join blog.type t on b.type_id = t.id order by b.update_time desc LIMIT ?, ? 
2020-08-22 23:12:59.171 DEBUG 7636 --- [http-nio-8080-exec-7] c.wjw.blog.dao.BlogDao.getAllBlogQuery   : ==> Parameters: 6(Integer), 6(Integer)
2020-08-22 23:12:59.174 DEBUG 7636 --- [http-nio-8080-exec-7] c.wjw.blog.dao.BlogDao.getAllBlogQuery   : <==      Total: 6
2020-08-22 23:12:59.174 DEBUG 7636 --- [http-nio-8080-exec-7] com.wjw.blog.dao.TypeDao.getAdminType    : ==>  Preparing: select * from blog.type order by name 
2020-08-22 23:12:59.175 DEBUG 7636 --- [http-nio-8080-exec-7] com.wjw.blog.dao.TypeDao.getAdminType    : ==> Parameters: 
2020-08-22 23:12:59.176 DEBUG 7636 --- [http-nio-8080-exec-7] com.wjw.blog.dao.TypeDao.getAdminType    : <==      Total: 6
2020-08-22 23:12:59.792 DEBUG 7636 --- [http-nio-8080-exec-1] c.w.b.dao.BlogDao.getAllBlogQuery_COUNT  : ==>  Preparing: SELECT count(0) FROM blog.blog b LEFT JOIN blog.type t ON b.type_id = t.id 
2020-08-22 23:12:59.792 DEBUG 7636 --- [http-nio-8080-exec-1] c.w.b.dao.BlogDao.getAllBlogQuery_COUNT  : ==> Parameters: 
2020-08-22 23:12:59.794 DEBUG 7636 --- [http-nio-8080-exec-1] c.w.b.dao.BlogDao.getAllBlogQuery_COUNT  : <==      Total: 1
2020-08-22 23:12:59.795 DEBUG 7636 --- [http-nio-8080-exec-1] c.wjw.blog.dao.BlogDao.getAllBlogQuery   : ==>  Preparing: select b.id bid, b.title, b.update_time, b.recommend, b.type_id, b.publish, t.id tid, t.name from blog.blog b left join blog.type t on b.type_id = t.id order by b.update_time desc LIMIT ?, ? 
2020-08-22 23:12:59.796 DEBUG 7636 --- [http-nio-8080-exec-1] c.wjw.blog.dao.BlogDao.getAllBlogQuery   : ==> Parameters: 12(Integer), 6(Integer)
2020-08-22 23:12:59.799 DEBUG 7636 --- [http-nio-8080-exec-1] c.wjw.blog.dao.BlogDao.getAllBlogQuery   : <==      Total: 6
2020-08-22 23:12:59.800 DEBUG 7636 --- [http-nio-8080-exec-1] com.wjw.blog.dao.TypeDao.getAdminType    : ==>  Preparing: select * from blog.type order by name 
2020-08-22 23:12:59.800 DEBUG 7636 --- [http-nio-8080-exec-1] com.wjw.blog.dao.TypeDao.getAdminType    : ==> Parameters: 
2020-08-22 23:12:59.801 DEBUG 7636 --- [http-nio-8080-exec-1] com.wjw.blog.dao.TypeDao.getAdminType    : <==      Total: 6
2020-08-22 23:13:00.785 DEBUG 7636 --- [http-nio-8080-exec-7] c.w.b.dao.BlogDao.getAllBlogQuery_COUNT  : ==>  Preparing: SELECT count(0) FROM blog.blog b LEFT JOIN blog.type t ON b.type_id = t.id 
2020-08-22 23:13:00.785 DEBUG 7636 --- [http-nio-8080-exec-7] c.w.b.dao.BlogDao.getAllBlogQuery_COUNT  : ==> Parameters: 
2020-08-22 23:13:00.786 DEBUG 7636 --- [http-nio-8080-exec-7] c.w.b.dao.BlogDao.getAllBlogQuery_COUNT  : <==      Total: 1
2020-08-22 23:13:00.787 DEBUG 7636 --- [http-nio-8080-exec-7] c.wjw.blog.dao.BlogDao.getAllBlogQuery   : ==>  Preparing: select b.id bid, b.title, b.update_time, b.recommend, b.type_id, b.publish, t.id tid, t.name from blog.blog b left join blog.type t on b.type_id = t.id order by b.update_time desc LIMIT ?, ? 
2020-08-22 23:13:00.788 DEBUG 7636 --- [http-nio-8080-exec-7] c.wjw.blog.dao.BlogDao.getAllBlogQuery   : ==> Parameters: 6(Integer), 6(Integer)
2020-08-22 23:13:00.790 DEBUG 7636 --- [http-nio-8080-exec-7] c.wjw.blog.dao.BlogDao.getAllBlogQuery   : <==      Total: 6
2020-08-22 23:13:00.791 DEBUG 7636 --- [http-nio-8080-exec-7] com.wjw.blog.dao.TypeDao.getAdminType    : ==>  Preparing: select * from blog.type order by name 
2020-08-22 23:13:00.791 DEBUG 7636 --- [http-nio-8080-exec-7] com.wjw.blog.dao.TypeDao.getAdminType    : ==> Parameters: 
2020-08-22 23:13:00.793 DEBUG 7636 --- [http-nio-8080-exec-7] com.wjw.blog.dao.TypeDao.getAdminType    : <==      Total: 6
2020-08-22 23:13:01.164 DEBUG 7636 --- [http-nio-8080-exec-4] c.w.b.dao.BlogDao.getAllBlogQuery_COUNT  : ==>  Preparing: SELECT count(0) FROM blog.blog b LEFT JOIN blog.type t ON b.type_id = t.id 
2020-08-22 23:13:01.165 DEBUG 7636 --- [http-nio-8080-exec-4] c.w.b.dao.BlogDao.getAllBlogQuery_COUNT  : ==> Parameters: 
2020-08-22 23:13:01.166 DEBUG 7636 --- [http-nio-8080-exec-4] c.w.b.dao.BlogDao.getAllBlogQuery_COUNT  : <==      Total: 1
2020-08-22 23:13:01.166 DEBUG 7636 --- [http-nio-8080-exec-4] c.wjw.blog.dao.BlogDao.getAllBlogQuery   : ==>  Preparing: select b.id bid, b.title, b.update_time, b.recommend, b.type_id, b.publish, t.id tid, t.name from blog.blog b left join blog.type t on b.type_id = t.id order by b.update_time desc LIMIT ? 
2020-08-22 23:13:01.167 DEBUG 7636 --- [http-nio-8080-exec-4] c.wjw.blog.dao.BlogDao.getAllBlogQuery   : ==> Parameters: 6(Integer)
2020-08-22 23:13:01.168 DEBUG 7636 --- [http-nio-8080-exec-4] c.wjw.blog.dao.BlogDao.getAllBlogQuery   : <==      Total: 6
2020-08-22 23:13:01.169 DEBUG 7636 --- [http-nio-8080-exec-4] com.wjw.blog.dao.TypeDao.getAdminType    : ==>  Preparing: select * from blog.type order by name 
2020-08-22 23:13:01.169 DEBUG 7636 --- [http-nio-8080-exec-4] com.wjw.blog.dao.TypeDao.getAdminType    : ==> Parameters: 
2020-08-22 23:13:01.170 DEBUG 7636 --- [http-nio-8080-exec-4] com.wjw.blog.dao.TypeDao.getAdminType    : <==      Total: 6
2020-08-22 23:13:01.697 DEBUG 7636 --- [http-nio-8080-exec-6] c.w.b.dao.BlogDao.getAllBlogQuery_COUNT  : ==>  Preparing: SELECT count(0) FROM blog.blog b LEFT JOIN blog.type t ON b.type_id = t.id 
2020-08-22 23:13:01.697 DEBUG 7636 --- [http-nio-8080-exec-6] c.w.b.dao.BlogDao.getAllBlogQuery_COUNT  : ==> Parameters: 
2020-08-22 23:13:01.698 DEBUG 7636 --- [http-nio-8080-exec-6] c.w.b.dao.BlogDao.getAllBlogQuery_COUNT  : <==      Total: 1
2020-08-22 23:13:01.699 DEBUG 7636 --- [http-nio-8080-exec-6] c.wjw.blog.dao.BlogDao.getAllBlogQuery   : ==>  Preparing: select b.id bid, b.title, b.update_time, b.recommend, b.type_id, b.publish, t.id tid, t.name from blog.blog b left join blog.type t on b.type_id = t.id order by b.update_time desc LIMIT ? 
2020-08-22 23:13:01.699 DEBUG 7636 --- [http-nio-8080-exec-6] c.wjw.blog.dao.BlogDao.getAllBlogQuery   : ==> Parameters: 6(Integer)
2020-08-22 23:13:01.701 DEBUG 7636 --- [http-nio-8080-exec-6] c.wjw.blog.dao.BlogDao.getAllBlogQuery   : <==      Total: 6
2020-08-22 23:13:01.701 DEBUG 7636 --- [http-nio-8080-exec-6] com.wjw.blog.dao.TypeDao.getAdminType    : ==>  Preparing: select * from blog.type order by name 
2020-08-22 23:13:01.701 DEBUG 7636 --- [http-nio-8080-exec-6] com.wjw.blog.dao.TypeDao.getAdminType    : ==> Parameters: 
2020-08-22 23:13:01.702 DEBUG 7636 --- [http-nio-8080-exec-6] com.wjw.blog.dao.TypeDao.getAdminType    : <==      Total: 6
2020-08-22 23:13:06.861 DEBUG 7636 --- [http-nio-8080-exec-2] c.w.blog.dao.TypeDao.getAdminType_COUNT  : ==>  Preparing: SELECT count(0) FROM blog.type 
2020-08-22 23:13:06.862 DEBUG 7636 --- [http-nio-8080-exec-2] c.w.blog.dao.TypeDao.getAdminType_COUNT  : ==> Parameters: 
2020-08-22 23:13:06.868 DEBUG 7636 --- [http-nio-8080-exec-2] c.w.blog.dao.TypeDao.getAdminType_COUNT  : <==      Total: 1
2020-08-22 23:13:06.869 DEBUG 7636 --- [http-nio-8080-exec-2] com.wjw.blog.dao.TypeDao.getAdminType    : ==>  Preparing: select * from blog.type order by name LIMIT ? 
2020-08-22 23:13:06.869 DEBUG 7636 --- [http-nio-8080-exec-2] com.wjw.blog.dao.TypeDao.getAdminType    : ==> Parameters: 5(Integer)
2020-08-22 23:13:06.871 DEBUG 7636 --- [http-nio-8080-exec-2] com.wjw.blog.dao.TypeDao.getAdminType    : <==      Total: 5
2020-08-22 23:13:06.871 DEBUG 7636 --- [http-nio-8080-exec-2] com.wjw.blog.dao.TypeDao.getAllType      : ==>  Preparing: select t.id tid, t.name, b.id bid, b.title from blog.type t, blog.blog b where t.id = b.type_id 
2020-08-22 23:13:06.872 DEBUG 7636 --- [http-nio-8080-exec-2] com.wjw.blog.dao.TypeDao.getAllType      : ==> Parameters: 
2020-08-22 23:13:06.874 DEBUG 7636 --- [http-nio-8080-exec-2] com.wjw.blog.dao.TypeDao.getAllType      : <==      Total: 23
2020-08-22 23:13:08.354 DEBUG 7636 --- [http-nio-8080-exec-1] c.w.blog.dao.TypeDao.getAdminType_COUNT  : ==>  Preparing: SELECT count(0) FROM blog.type 
2020-08-22 23:13:08.354 DEBUG 7636 --- [http-nio-8080-exec-1] c.w.blog.dao.TypeDao.getAdminType_COUNT  : ==> Parameters: 
2020-08-22 23:13:08.356 DEBUG 7636 --- [http-nio-8080-exec-1] c.w.blog.dao.TypeDao.getAdminType_COUNT  : <==      Total: 1
2020-08-22 23:13:08.357 DEBUG 7636 --- [http-nio-8080-exec-1] com.wjw.blog.dao.TypeDao.getAdminType    : ==>  Preparing: select * from blog.type order by name LIMIT ?, ? 
2020-08-22 23:13:08.357 DEBUG 7636 --- [http-nio-8080-exec-1] com.wjw.blog.dao.TypeDao.getAdminType    : ==> Parameters: 5(Integer), 5(Integer)
2020-08-22 23:13:08.358 DEBUG 7636 --- [http-nio-8080-exec-1] com.wjw.blog.dao.TypeDao.getAdminType    : <==      Total: 1
2020-08-22 23:13:08.359 DEBUG 7636 --- [http-nio-8080-exec-1] com.wjw.blog.dao.TypeDao.getAllType      : ==>  Preparing: select t.id tid, t.name, b.id bid, b.title from blog.type t, blog.blog b where t.id = b.type_id 
2020-08-22 23:13:08.359 DEBUG 7636 --- [http-nio-8080-exec-1] com.wjw.blog.dao.TypeDao.getAllType      : ==> Parameters: 
2020-08-22 23:13:08.361 DEBUG 7636 --- [http-nio-8080-exec-1] com.wjw.blog.dao.TypeDao.getAllType      : <==      Total: 23
2020-08-22 23:13:09.504 DEBUG 7636 --- [http-nio-8080-exec-7] c.w.blog.dao.TypeDao.getAdminType_COUNT  : ==>  Preparing: SELECT count(0) FROM blog.type 
2020-08-22 23:13:09.505 DEBUG 7636 --- [http-nio-8080-exec-7] c.w.blog.dao.TypeDao.getAdminType_COUNT  : ==> Parameters: 
2020-08-22 23:13:09.507 DEBUG 7636 --- [http-nio-8080-exec-7] c.w.blog.dao.TypeDao.getAdminType_COUNT  : <==      Total: 1
2020-08-22 23:13:09.508 DEBUG 7636 --- [http-nio-8080-exec-7] com.wjw.blog.dao.TypeDao.getAdminType    : ==>  Preparing: select * from blog.type order by name LIMIT ? 
2020-08-22 23:13:09.508 DEBUG 7636 --- [http-nio-8080-exec-7] com.wjw.blog.dao.TypeDao.getAdminType    : ==> Parameters: 5(Integer)
2020-08-22 23:13:09.509 DEBUG 7636 --- [http-nio-8080-exec-7] com.wjw.blog.dao.TypeDao.getAdminType    : <==      Total: 5
2020-08-22 23:13:09.510 DEBUG 7636 --- [http-nio-8080-exec-7] com.wjw.blog.dao.TypeDao.getAllType      : ==>  Preparing: select t.id tid, t.name, b.id bid, b.title from blog.type t, blog.blog b where t.id = b.type_id 
2020-08-22 23:13:09.510 DEBUG 7636 --- [http-nio-8080-exec-7] com.wjw.blog.dao.TypeDao.getAllType      : ==> Parameters: 
2020-08-22 23:13:09.512 DEBUG 7636 --- [http-nio-8080-exec-7] com.wjw.blog.dao.TypeDao.getAllType      : <==      Total: 23
2020-08-22 23:13:10.581 DEBUG 7636 --- [http-nio-8080-exec-4] c.wjw.blog.dao.TagDao.getAdminTag_COUNT  : ==>  Preparing: SELECT count(0) FROM blog.tag 
2020-08-22 23:13:10.582 DEBUG 7636 --- [http-nio-8080-exec-4] c.wjw.blog.dao.TagDao.getAdminTag_COUNT  : ==> Parameters: 
2020-08-22 23:13:10.584 DEBUG 7636 --- [http-nio-8080-exec-4] c.wjw.blog.dao.TagDao.getAdminTag_COUNT  : <==      Total: 1
2020-08-22 23:13:10.585 DEBUG 7636 --- [http-nio-8080-exec-4] com.wjw.blog.dao.TagDao.getAdminTag      : ==>  Preparing: select * from blog.tag order by name LIMIT ? 
2020-08-22 23:13:10.585 DEBUG 7636 --- [http-nio-8080-exec-4] com.wjw.blog.dao.TagDao.getAdminTag      : ==> Parameters: 5(Integer)
2020-08-22 23:13:10.586 DEBUG 7636 --- [http-nio-8080-exec-4] com.wjw.blog.dao.TagDao.getAdminTag      : <==      Total: 5
2020-08-22 23:13:11.560 DEBUG 7636 --- [http-nio-8080-exec-6] c.wjw.blog.dao.TagDao.getAdminTag_COUNT  : ==>  Preparing: SELECT count(0) FROM blog.tag 
2020-08-22 23:13:11.560 DEBUG 7636 --- [http-nio-8080-exec-6] c.wjw.blog.dao.TagDao.getAdminTag_COUNT  : ==> Parameters: 
2020-08-22 23:13:11.565 DEBUG 7636 --- [http-nio-8080-exec-6] c.wjw.blog.dao.TagDao.getAdminTag_COUNT  : <==      Total: 1
2020-08-22 23:13:11.566 DEBUG 7636 --- [http-nio-8080-exec-6] com.wjw.blog.dao.TagDao.getAdminTag      : ==>  Preparing: select * from blog.tag order by name LIMIT ? 
2020-08-22 23:13:11.566 DEBUG 7636 --- [http-nio-8080-exec-6] com.wjw.blog.dao.TagDao.getAdminTag      : ==> Parameters: 5(Integer)
2020-08-22 23:13:11.569 DEBUG 7636 --- [http-nio-8080-exec-6] com.wjw.blog.dao.TagDao.getAdminTag      : <==      Total: 5
2020-08-22 23:13:12.208 DEBUG 7636 --- [http-nio-8080-exec-2] c.wjw.blog.dao.TagDao.getAdminTag_COUNT  : ==>  Preparing: SELECT count(0) FROM blog.tag 
2020-08-22 23:13:12.208 DEBUG 7636 --- [http-nio-8080-exec-2] c.wjw.blog.dao.TagDao.getAdminTag_COUNT  : ==> Parameters: 
2020-08-22 23:13:12.210 DEBUG 7636 --- [http-nio-8080-exec-2] c.wjw.blog.dao.TagDao.getAdminTag_COUNT  : <==      Total: 1
2020-08-22 23:13:12.210 DEBUG 7636 --- [http-nio-8080-exec-2] com.wjw.blog.dao.TagDao.getAdminTag      : ==>  Preparing: select * from blog.tag order by name LIMIT ? 
2020-08-22 23:13:12.210 DEBUG 7636 --- [http-nio-8080-exec-2] com.wjw.blog.dao.TagDao.getAdminTag      : ==> Parameters: 5(Integer)
2020-08-22 23:13:12.212 DEBUG 7636 --- [http-nio-8080-exec-2] com.wjw.blog.dao.TagDao.getAdminTag      : <==      Total: 5
2020-08-22 23:13:13.472 DEBUG 7636 --- [http-nio-8080-exec-1] c.wjw.blog.dao.TagDao.getAdminTag_COUNT  : ==>  Preparing: SELECT count(0) FROM blog.tag 
2020-08-22 23:13:13.472 DEBUG 7636 --- [http-nio-8080-exec-1] c.wjw.blog.dao.TagDao.getAdminTag_COUNT  : ==> Parameters: 
2020-08-22 23:13:13.474 DEBUG 7636 --- [http-nio-8080-exec-1] c.wjw.blog.dao.TagDao.getAdminTag_COUNT  : <==      Total: 1
2020-08-22 23:13:13.475 DEBUG 7636 --- [http-nio-8080-exec-1] com.wjw.blog.dao.TagDao.getAdminTag      : ==>  Preparing: select * from blog.tag order by name LIMIT ? 
2020-08-22 23:13:13.475 DEBUG 7636 --- [http-nio-8080-exec-1] com.wjw.blog.dao.TagDao.getAdminTag      : ==> Parameters: 5(Integer)
2020-08-22 23:13:13.476 DEBUG 7636 --- [http-nio-8080-exec-1] com.wjw.blog.dao.TagDao.getAdminTag      : <==      Total: 5
2020-08-22 23:13:13.949 DEBUG 7636 --- [http-nio-8080-exec-7] c.wjw.blog.dao.TagDao.getAdminTag_COUNT  : ==>  Preparing: SELECT count(0) FROM blog.tag 
2020-08-22 23:13:13.950 DEBUG 7636 --- [http-nio-8080-exec-7] c.wjw.blog.dao.TagDao.getAdminTag_COUNT  : ==> Parameters: 
2020-08-22 23:13:13.952 DEBUG 7636 --- [http-nio-8080-exec-7] c.wjw.blog.dao.TagDao.getAdminTag_COUNT  : <==      Total: 1
2020-08-22 23:13:13.952 DEBUG 7636 --- [http-nio-8080-exec-7] com.wjw.blog.dao.TagDao.getAdminTag      : ==>  Preparing: select * from blog.tag order by name LIMIT ? 
2020-08-22 23:13:13.952 DEBUG 7636 --- [http-nio-8080-exec-7] com.wjw.blog.dao.TagDao.getAdminTag      : ==> Parameters: 5(Integer)
2020-08-22 23:13:13.953 DEBUG 7636 --- [http-nio-8080-exec-7] com.wjw.blog.dao.TagDao.getAdminTag      : <==      Total: 5
2020-08-22 23:15:47.739  INFO 7636 --- [http-nio-8080-exec-3] com.wjw.blog.aspect.LogAspect            : Request : url='http://localhost:8080/', ip='0:0:0:0:0:0:0:1', classMethod='com.wjw.blog.controller.IndexController.index', args=[{}, 1]}
2020-08-22 23:15:47.741 DEBUG 7636 --- [http-nio-8080-exec-3] c.w.b.dao.BlogDao.getAllBlogShow_COUNT   : ==>  Preparing: SELECT count(0) FROM blog.blog b, blog.type t, blog.user u WHERE b.type_id = t.id AND b.user_id = u.id AND b.publish = 1 
2020-08-22 23:15:47.741 DEBUG 7636 --- [http-nio-8080-exec-3] c.w.b.dao.BlogDao.getAllBlogShow_COUNT   : ==> Parameters: 
2020-08-22 23:15:47.745 DEBUG 7636 --- [http-nio-8080-exec-3] c.w.b.dao.BlogDao.getAllBlogShow_COUNT   : <==      Total: 1
2020-08-22 23:15:47.746 DEBUG 7636 --- [http-nio-8080-exec-3] com.wjw.blog.dao.BlogDao.getAllBlogShow  : ==>  Preparing: select b.id, b.title, b.first_picture, b.views, b.update_time, b.description, t.name, u.nickname, u.avatar from blog.blog b, blog.type t, blog.user u where b.type_id = t.id and b.user_id = u.id and b.publish = 1 order by b.id desc LIMIT ? 
2020-08-22 23:15:47.746 DEBUG 7636 --- [http-nio-8080-exec-3] com.wjw.blog.dao.BlogDao.getAllBlogShow  : ==> Parameters: 10(Integer)
2020-08-22 23:15:47.749 DEBUG 7636 --- [http-nio-8080-exec-3] com.wjw.blog.dao.BlogDao.getAllBlogShow  : <==      Total: 10
2020-08-22 23:15:47.750 DEBUG 7636 --- [http-nio-8080-exec-3] com.wjw.blog.dao.TypeDao.getAllType      : ==>  Preparing: select t.id tid, t.name, b.id bid, b.title from blog.type t, blog.blog b where t.id = b.type_id 
2020-08-22 23:15:47.751 DEBUG 7636 --- [http-nio-8080-exec-3] com.wjw.blog.dao.TypeDao.getAllType      : ==> Parameters: 
2020-08-22 23:15:47.752 DEBUG 7636 --- [http-nio-8080-exec-3] com.wjw.blog.dao.TypeDao.getAllType      : <==      Total: 23
2020-08-22 23:15:47.753 DEBUG 7636 --- [http-nio-8080-exec-3] com.wjw.blog.dao.TagDao.getAllTag        : ==>  Preparing: select t.id tid, t.name, b.id bid, b.title from blog.tag t, blog.blog b, blog.blog_tag bt where t.id = bt.tag_id and b.id = bt.blog_id 
2020-08-22 23:15:47.753 DEBUG 7636 --- [http-nio-8080-exec-3] com.wjw.blog.dao.TagDao.getAllTag        : ==> Parameters: 
2020-08-22 23:15:47.755 DEBUG 7636 --- [http-nio-8080-exec-3] com.wjw.blog.dao.TagDao.getAllTag        : <==      Total: 24
2020-08-22 23:15:47.755 DEBUG 7636 --- [http-nio-8080-exec-3] c.w.b.dao.BlogDao.getAllRecommendBlog    : ==>  Preparing: select id, title, recommend from blog.blog where recommend = 1 
2020-08-22 23:15:47.755 DEBUG 7636 --- [http-nio-8080-exec-3] c.w.b.dao.BlogDao.getAllRecommendBlog    : ==> Parameters: 
2020-08-22 23:15:47.756 DEBUG 7636 --- [http-nio-8080-exec-3] c.w.b.dao.BlogDao.getAllRecommendBlog    : <==      Total: 22
2020-08-22 23:15:47.757  INFO 7636 --- [http-nio-8080-exec-3] com.wjw.blog.aspect.LogAspect            : Result : index
